hi
2021/07/22 09:45:04 Listening and serving HTTP on 0.0.0.0:8888
Host: 81.71.89.149:8888
Connection: keep-alive
Content-Length: 965
Origin: http://localhost:8080
X-DevTools-Emulate-Network-Conditions-Client-Id: (5FC34A0705CE8D4F6BBCDB6CE6BCE3B9)
User-Agent: Mozilla/5.0 (iPhone; CPU iPhone OS 11_0 like Mac OS X) AppleWebKit/604.1.38 (KHTML, like Gecko) Version/11.0 Mobile/15A372 Safari/604.1 HBuilderX
Content-Type: multipart/form-data
Accept: */*
Referer: http://localhost:8080/
Accept-Encoding: gzip, deflate
Accept-Language: en-US,en;q=0.9
--------body------
------WebKitFormBoundaryj7xPBYoldLqGgoQ4
Content-Disposition: form-data; name="id"

123456
------WebKitFormBoundaryj7xPBYoldLqGgoQ4
Content-Disposition: form-data; name="name"

uniapp
------WebKitFormBoundaryj7xPBYoldLqGgoQ4
Content-Disposition: form-data; name="remark"

123213
------WebKitFormBoundaryj7xPBYoldLqGgoQ4
Content-Disposition: form-data; name="sign_key"

13065149
------WebKitFormBoundaryj7xPBYoldLqGgoQ4
Content-Disposition: form-data; name="sign_time"

2019
------WebKitFormBoundaryj7xPBYoldLqGgoQ4
Content-Disposition: form-data; name="sign_str"

e60f60e5541df63f5cfc2a6aec3e1cfe
------WebKitFormBoundaryj7xPBYoldLqGgoQ4
Content-Disposition: form-data; name="uploadFile"; filename="f1.txt"
Content-Type: text/plain

文件1
------WebKitFormBoundaryj7xPBYoldLqGgoQ4
Content-Disposition: form-data; name="uploadFile"; filename="f2.txt"
Content-Type: text/plain


文件2
------WebKitFormBoundaryj7xPBYoldLqGgoQ4--
2021/07/22 09:46:42 2021-07-22-09:46:42|COST=1ms|POST|/bmft/v1/sf
